{"D:\\WEB DEVELOPMENT\\4 CSE 341 WEB SERVICES\\cse341-learning-academy\\controllers\\courseController.js": {"path":"D:\\WEB DEVELOPMENT\\4 CSE 341 WEB SERVICES\\cse341-learning-academy\\controllers\\courseController.js","statementMap":{"0":{"start":{"line":1,"column":16},"end":{"line":1,"column":43}},"1":{"start":{"line":2,"column":17},"end":{"line":2,"column":44}},"2":{"start":{"line":4,"column":15},"end":{"line":16,"column":1}},"3":{"start":{"line":6,"column":4},"end":{"line":15,"column":7}},"4":{"start":{"line":7,"column":23},"end":{"line":7,"column":78}},"5":{"start":{"line":8,"column":24},"end":{"line":8,"column":46}},"6":{"start":{"line":10,"column":8},"end":{"line":10,"column":58}},"7":{"start":{"line":11,"column":8},"end":{"line":11,"column":38}},"8":{"start":{"line":13,"column":8},"end":{"line":13,"column":60}},"9":{"start":{"line":14,"column":8},"end":{"line":14,"column":93}},"10":{"start":{"line":19,"column":16},"end":{"line":37,"column":1}},"11":{"start":{"line":21,"column":4},"end":{"line":24,"column":5}},"12":{"start":{"line":22,"column":8},"end":{"line":22,"column":75}},"13":{"start":{"line":23,"column":8},"end":{"line":23,"column":15}},"14":{"start":{"line":25,"column":4},"end":{"line":36,"column":5}},"15":{"start":{"line":26,"column":25},"end":{"line":26,"column":52}},"16":{"start":{"line":27,"column":23},"end":{"line":27,"column":98}},"17":{"start":{"line":29,"column":8},"end":{"line":31,"column":9}},"18":{"start":{"line":30,"column":10},"end":{"line":30,"column":71}},"19":{"start":{"line":32,"column":8},"end":{"line":32,"column":58}},"20":{"start":{"line":33,"column":8},"end":{"line":33,"column":37}},"21":{"start":{"line":35,"column":8},"end":{"line":35,"column":57}},"22":{"start":{"line":39,"column":21},"end":{"line":60,"column":1}},"23":{"start":{"line":42,"column":19},"end":{"line":48,"column":5}},"24":{"start":{"line":50,"column":4},"end":{"line":59,"column":5}},"25":{"start":{"line":51,"column":25},"end":{"line":51,"column":91}},"26":{"start":{"line":52,"column":8},"end":{"line":56,"column":9}},"27":{"start":{"line":53,"column":12},"end":{"line":53,"column":43}},"28":{"start":{"line":55,"column":12},"end":{"line":55,"column":101}},"29":{"start":{"line":58,"column":8},"end":{"line":58,"column":57}},"30":{"start":{"line":62,"column":21},"end":{"line":89,"column":1}},"31":{"start":{"line":64,"column":19},"end":{"line":64,"column":46}},"32":{"start":{"line":66,"column":17},"end":{"line":72,"column":5}},"33":{"start":{"line":73,"column":4},"end":{"line":87,"column":5}},"34":{"start":{"line":74,"column":23},"end":{"line":78,"column":44}},"35":{"start":{"line":79,"column":6},"end":{"line":79,"column":28}},"36":{"start":{"line":80,"column":6},"end":{"line":84,"column":7}},"37":{"start":{"line":81,"column":8},"end":{"line":81,"column":31}},"38":{"start":{"line":83,"column":8},"end":{"line":83,"column":97}},"39":{"start":{"line":86,"column":6},"end":{"line":86,"column":55}},"40":{"start":{"line":91,"column":21},"end":{"line":105,"column":1}},"41":{"start":{"line":93,"column":19},"end":{"line":93,"column":46}},"42":{"start":{"line":94,"column":2},"end":{"line":104,"column":3}},"43":{"start":{"line":95,"column":21},"end":{"line":95,"column":104}},"44":{"start":{"line":96,"column":4},"end":{"line":96,"column":26}},"45":{"start":{"line":97,"column":4},"end":{"line":101,"column":5}},"46":{"start":{"line":98,"column":6},"end":{"line":98,"column":29}},"47":{"start":{"line":100,"column":6},"end":{"line":100,"column":95}},"48":{"start":{"line":103,"column":4},"end":{"line":103,"column":53}},"49":{"start":{"line":107,"column":0},"end":{"line":113,"column":2}}},"fnMap":{"0":{"name":"(anonymous_0)","decl":{"start":{"line":4,"column":15},"end":{"line":4,"column":16}},"loc":{"start":{"line":4,"column":34},"end":{"line":16,"column":1}},"line":4},"1":{"name":"(anonymous_1)","decl":{"start":{"line":19,"column":16},"end":{"line":19,"column":17}},"loc":{"start":{"line":19,"column":36},"end":{"line":37,"column":1}},"line":19},"2":{"name":"(anonymous_2)","decl":{"start":{"line":39,"column":21},"end":{"line":39,"column":22}},"loc":{"start":{"line":39,"column":41},"end":{"line":60,"column":1}},"line":39},"3":{"name":"(anonymous_3)","decl":{"start":{"line":62,"column":21},"end":{"line":62,"column":22}},"loc":{"start":{"line":62,"column":41},"end":{"line":89,"column":1}},"line":62},"4":{"name":"(anonymous_4)","decl":{"start":{"line":91,"column":21},"end":{"line":91,"column":22}},"loc":{"start":{"line":91,"column":41},"end":{"line":105,"column":1}},"line":91}},"branchMap":{"0":{"loc":{"start":{"line":21,"column":4},"end":{"line":24,"column":5}},"type":"if","locations":[{"start":{"line":21,"column":4},"end":{"line":24,"column":5}},{"start":{},"end":{}}],"line":21},"1":{"loc":{"start":{"line":29,"column":8},"end":{"line":31,"column":9}},"type":"if","locations":[{"start":{"line":29,"column":8},"end":{"line":31,"column":9}},{"start":{},"end":{}}],"line":29},"2":{"loc":{"start":{"line":52,"column":8},"end":{"line":56,"column":9}},"type":"if","locations":[{"start":{"line":52,"column":8},"end":{"line":56,"column":9}},{"start":{"line":54,"column":15},"end":{"line":56,"column":9}}],"line":52},"3":{"loc":{"start":{"line":55,"column":33},"end":{"line":55,"column":99}},"type":"binary-expr","locations":[{"start":{"line":55,"column":33},"end":{"line":55,"column":47}},{"start":{"line":55,"column":51},"end":{"line":55,"column":99}}],"line":55},"4":{"loc":{"start":{"line":80,"column":6},"end":{"line":84,"column":7}},"type":"if","locations":[{"start":{"line":80,"column":6},"end":{"line":84,"column":7}},{"start":{"line":82,"column":13},"end":{"line":84,"column":7}}],"line":80},"5":{"loc":{"start":{"line":83,"column":29},"end":{"line":83,"column":95}},"type":"binary-expr","locations":[{"start":{"line":83,"column":29},"end":{"line":83,"column":43}},{"start":{"line":83,"column":47},"end":{"line":83,"column":95}}],"line":83},"6":{"loc":{"start":{"line":97,"column":4},"end":{"line":101,"column":5}},"type":"if","locations":[{"start":{"line":97,"column":4},"end":{"line":101,"column":5}},{"start":{"line":99,"column":11},"end":{"line":101,"column":5}}],"line":97},"7":{"loc":{"start":{"line":100,"column":27},"end":{"line":100,"column":93}},"type":"binary-expr","locations":[{"start":{"line":100,"column":27},"end":{"line":100,"column":41}},{"start":{"line":100,"column":45},"end":{"line":100,"column":93}}],"line":100}},"s":{"0":1,"1":1,"2":1,"3":1,"4":1,"5":1,"6":1,"7":1,"8":0,"9":0,"10":1,"11":2,"12":0,"13":0,"14":2,"15":2,"16":2,"17":2,"18":1,"19":1,"20":1,"21":0,"22":1,"23":0,"24":0,"25":0,"26":0,"27":0,"28":0,"29":0,"30":1,"31":0,"32":0,"33":0,"34":0,"35":0,"36":0,"37":0,"38":0,"39":0,"40":1,"41":0,"42":0,"43":0,"44":0,"45":0,"46":0,"47":0,"48":0,"49":1},"f":{"0":1,"1":2,"2":0,"3":0,"4":0},"b":{"0":[0,2],"1":[1,1],"2":[0,0],"3":[0,0],"4":[0,0],"5":[0,0],"6":[0,0],"7":[0,0]},"_coverageSchema":"1a1c01bbd47fc00a2c39e90264f33305004495a9","hash":"5d3a395bc57d8a29a7c4f1a0fae9324ec7b5cb5a"}
,"D:\\WEB DEVELOPMENT\\4 CSE 341 WEB SERVICES\\cse341-learning-academy\\controllers\\enrollmentController.js": {"path":"D:\\WEB DEVELOPMENT\\4 CSE 341 WEB SERVICES\\cse341-learning-academy\\controllers\\enrollmentController.js","statementMap":{"0":{"start":{"line":1,"column":21},"end":{"line":1,"column":39}},"1":{"start":{"line":2,"column":16},"end":{"line":2,"column":43}},"2":{"start":{"line":5,"column":22},"end":{"line":23,"column":1}},"3":{"start":{"line":7,"column":34},"end":{"line":7,"column":42}},"4":{"start":{"line":8,"column":2},"end":{"line":10,"column":3}},"5":{"start":{"line":9,"column":4},"end":{"line":9,"column":82}},"6":{"start":{"line":12,"column":2},"end":{"line":22,"column":3}},"7":{"start":{"line":13,"column":19},"end":{"line":18,"column":6}},"8":{"start":{"line":19,"column":4},"end":{"line":19,"column":33}},"9":{"start":{"line":21,"column":4},"end":{"line":21,"column":88}},"10":{"start":{"line":26,"column":23},"end":{"line":37,"column":1}},"11":{"start":{"line":28,"column":17},"end":{"line":28,"column":27}},"12":{"start":{"line":29,"column":2},"end":{"line":36,"column":3}},"13":{"start":{"line":30,"column":19},"end":{"line":30,"column":108}},"14":{"start":{"line":31,"column":4},"end":{"line":33,"column":64}},"15":{"start":{"line":35,"column":4},"end":{"line":35,"column":91}},"16":{"start":{"line":40,"column":32},"end":{"line":53,"column":1}},"17":{"start":{"line":42,"column":17},"end":{"line":42,"column":27}},"18":{"start":{"line":43,"column":2},"end":{"line":52,"column":3}},"19":{"start":{"line":45,"column":24},"end":{"line":48,"column":16}},"20":{"start":{"line":49,"column":4},"end":{"line":49,"column":38}},"21":{"start":{"line":51,"column":4},"end":{"line":51,"column":91}},"22":{"start":{"line":56,"column":31},"end":{"line":69,"column":1}},"23":{"start":{"line":58,"column":17},"end":{"line":58,"column":27}},"24":{"start":{"line":59,"column":2},"end":{"line":68,"column":3}},"25":{"start":{"line":61,"column":24},"end":{"line":64,"column":16}},"26":{"start":{"line":65,"column":4},"end":{"line":65,"column":38}},"27":{"start":{"line":67,"column":4},"end":{"line":67,"column":91}},"28":{"start":{"line":72,"column":33},"end":{"line":93,"column":1}},"29":{"start":{"line":74,"column":17},"end":{"line":74,"column":27}},"30":{"start":{"line":75,"column":23},"end":{"line":75,"column":31}},"31":{"start":{"line":77,"column":2},"end":{"line":79,"column":3}},"32":{"start":{"line":78,"column":4},"end":{"line":78,"column":67}},"33":{"start":{"line":81,"column":2},"end":{"line":92,"column":3}},"34":{"start":{"line":83,"column":19},"end":{"line":86,"column":5}},"35":{"start":{"line":87,"column":4},"end":{"line":89,"column":64}},"36":{"start":{"line":91,"column":4},"end":{"line":91,"column":89}},"37":{"start":{"line":95,"column":0},"end":{"line":101,"column":2}}},"fnMap":{"0":{"name":"(anonymous_0)","decl":{"start":{"line":5,"column":22},"end":{"line":5,"column":23}},"loc":{"start":{"line":5,"column":42},"end":{"line":23,"column":1}},"line":5},"1":{"name":"(anonymous_1)","decl":{"start":{"line":26,"column":23},"end":{"line":26,"column":24}},"loc":{"start":{"line":26,"column":43},"end":{"line":37,"column":1}},"line":26},"2":{"name":"(anonymous_2)","decl":{"start":{"line":40,"column":32},"end":{"line":40,"column":33}},"loc":{"start":{"line":40,"column":52},"end":{"line":53,"column":1}},"line":40},"3":{"name":"(anonymous_3)","decl":{"start":{"line":56,"column":31},"end":{"line":56,"column":32}},"loc":{"start":{"line":56,"column":51},"end":{"line":69,"column":1}},"line":56},"4":{"name":"(anonymous_4)","decl":{"start":{"line":72,"column":33},"end":{"line":72,"column":34}},"loc":{"start":{"line":72,"column":53},"end":{"line":93,"column":1}},"line":72}},"branchMap":{"0":{"loc":{"start":{"line":8,"column":2},"end":{"line":10,"column":3}},"type":"if","locations":[{"start":{"line":8,"column":2},"end":{"line":10,"column":3}},{"start":{},"end":{}}],"line":8},"1":{"loc":{"start":{"line":8,"column":6},"end":{"line":8,"column":29}},"type":"binary-expr","locations":[{"start":{"line":8,"column":6},"end":{"line":8,"column":16}},{"start":{"line":8,"column":20},"end":{"line":8,"column":29}}],"line":8},"2":{"loc":{"start":{"line":31,"column":4},"end":{"line":33,"column":63}},"type":"cond-expr","locations":[{"start":{"line":32,"column":8},"end":{"line":32,"column":63}},{"start":{"line":33,"column":8},"end":{"line":33,"column":63}}],"line":31},"3":{"loc":{"start":{"line":77,"column":2},"end":{"line":79,"column":3}},"type":"if","locations":[{"start":{"line":77,"column":2},"end":{"line":79,"column":3}},{"start":{},"end":{}}],"line":77},"4":{"loc":{"start":{"line":87,"column":4},"end":{"line":89,"column":63}},"type":"cond-expr","locations":[{"start":{"line":88,"column":8},"end":{"line":88,"column":61}},{"start":{"line":89,"column":8},"end":{"line":89,"column":63}}],"line":87}},"s":{"0":1,"1":1,"2":1,"3":0,"4":0,"5":0,"6":0,"7":0,"8":0,"9":0,"10":1,"11":0,"12":0,"13":0,"14":0,"15":0,"16":1,"17":4,"18":4,"19":4,"20":3,"21":1,"22":1,"23":3,"24":3,"25":3,"26":2,"27":1,"28":1,"29":0,"30":0,"31":0,"32":0,"33":0,"34":0,"35":0,"36":0,"37":1},"f":{"0":0,"1":0,"2":4,"3":3,"4":0},"b":{"0":[0,0],"1":[0,0],"2":[0,0],"3":[0,0],"4":[0,0]},"_coverageSchema":"1a1c01bbd47fc00a2c39e90264f33305004495a9","hash":"31ba895ac4af60b2fda7c2694577fca121bb01be"}
,"D:\\WEB DEVELOPMENT\\4 CSE 341 WEB SERVICES\\cse341-learning-academy\\controllers\\instructorController.js": {"path":"D:\\WEB DEVELOPMENT\\4 CSE 341 WEB SERVICES\\cse341-learning-academy\\controllers\\instructorController.js","statementMap":{"0":{"start":{"line":1,"column":16},"end":{"line":1,"column":43}},"1":{"start":{"line":2,"column":17},"end":{"line":2,"column":44}},"2":{"start":{"line":5,"column":26},"end":{"line":16,"column":1}},"3":{"start":{"line":7,"column":2},"end":{"line":15,"column":3}},"4":{"start":{"line":8,"column":19},"end":{"line":8,"column":78}},"5":{"start":{"line":9,"column":24},"end":{"line":9,"column":46}},"6":{"start":{"line":10,"column":4},"end":{"line":10,"column":54}},"7":{"start":{"line":11,"column":4},"end":{"line":11,"column":38}},"8":{"start":{"line":13,"column":4},"end":{"line":13,"column":59}},"9":{"start":{"line":14,"column":4},"end":{"line":14,"column":92}},"10":{"start":{"line":19,"column":26},"end":{"line":36,"column":1}},"11":{"start":{"line":21,"column":2},"end":{"line":35,"column":3}},"12":{"start":{"line":22,"column":25},"end":{"line":22,"column":52}},"13":{"start":{"line":23,"column":19},"end":{"line":23,"column":99}},"14":{"start":{"line":24,"column":23},"end":{"line":24,"column":45}},"15":{"start":{"line":26,"column":4},"end":{"line":28,"column":5}},"16":{"start":{"line":27,"column":6},"end":{"line":27,"column":71}},"17":{"start":{"line":30,"column":4},"end":{"line":30,"column":54}},"18":{"start":{"line":31,"column":4},"end":{"line":31,"column":40}},"19":{"start":{"line":33,"column":4},"end":{"line":33,"column":60}},"20":{"start":{"line":34,"column":4},"end":{"line":34,"column":91}},"21":{"start":{"line":39,"column":25},"end":{"line":60,"column":1}},"22":{"start":{"line":41,"column":2},"end":{"line":59,"column":3}},"23":{"start":{"line":42,"column":26},"end":{"line":47,"column":5}},"24":{"start":{"line":49,"column":19},"end":{"line":49,"column":96}},"25":{"start":{"line":51,"column":4},"end":{"line":55,"column":5}},"26":{"start":{"line":52,"column":6},"end":{"line":52,"column":108}},"27":{"start":{"line":54,"column":6},"end":{"line":54,"column":71}},"28":{"start":{"line":57,"column":4},"end":{"line":57,"column":55}},"29":{"start":{"line":58,"column":4},"end":{"line":58,"column":89}},"30":{"start":{"line":63,"column":25},"end":{"line":85,"column":1}},"31":{"start":{"line":65,"column":2},"end":{"line":84,"column":3}},"32":{"start":{"line":66,"column":25},"end":{"line":66,"column":52}},"33":{"start":{"line":67,"column":23},"end":{"line":72,"column":5}},"34":{"start":{"line":74,"column":19},"end":{"line":74,"column":117}},"35":{"start":{"line":76,"column":4},"end":{"line":80,"column":5}},"36":{"start":{"line":77,"column":6},"end":{"line":77,"column":75}},"37":{"start":{"line":79,"column":6},"end":{"line":79,"column":83}},"38":{"start":{"line":82,"column":4},"end":{"line":82,"column":55}},"39":{"start":{"line":83,"column":4},"end":{"line":83,"column":89}},"40":{"start":{"line":88,"column":25},"end":{"line":103,"column":1}},"41":{"start":{"line":90,"column":2},"end":{"line":102,"column":3}},"42":{"start":{"line":91,"column":25},"end":{"line":91,"column":52}},"43":{"start":{"line":92,"column":19},"end":{"line":92,"column":104}},"44":{"start":{"line":94,"column":4},"end":{"line":98,"column":5}},"45":{"start":{"line":95,"column":6},"end":{"line":95,"column":75}},"46":{"start":{"line":97,"column":6},"end":{"line":97,"column":64}},"47":{"start":{"line":100,"column":4},"end":{"line":100,"column":55}},"48":{"start":{"line":101,"column":4},"end":{"line":101,"column":89}},"49":{"start":{"line":105,"column":0},"end":{"line":111,"column":2}}},"fnMap":{"0":{"name":"(anonymous_0)","decl":{"start":{"line":5,"column":26},"end":{"line":5,"column":27}},"loc":{"start":{"line":5,"column":46},"end":{"line":16,"column":1}},"line":5},"1":{"name":"(anonymous_1)","decl":{"start":{"line":19,"column":26},"end":{"line":19,"column":27}},"loc":{"start":{"line":19,"column":46},"end":{"line":36,"column":1}},"line":19},"2":{"name":"(anonymous_2)","decl":{"start":{"line":39,"column":25},"end":{"line":39,"column":26}},"loc":{"start":{"line":39,"column":45},"end":{"line":60,"column":1}},"line":39},"3":{"name":"(anonymous_3)","decl":{"start":{"line":63,"column":25},"end":{"line":63,"column":26}},"loc":{"start":{"line":63,"column":45},"end":{"line":85,"column":1}},"line":63},"4":{"name":"(anonymous_4)","decl":{"start":{"line":88,"column":25},"end":{"line":88,"column":26}},"loc":{"start":{"line":88,"column":45},"end":{"line":103,"column":1}},"line":88}},"branchMap":{"0":{"loc":{"start":{"line":26,"column":4},"end":{"line":28,"column":5}},"type":"if","locations":[{"start":{"line":26,"column":4},"end":{"line":28,"column":5}},{"start":{},"end":{}}],"line":26},"1":{"loc":{"start":{"line":51,"column":4},"end":{"line":55,"column":5}},"type":"if","locations":[{"start":{"line":51,"column":4},"end":{"line":55,"column":5}},{"start":{"line":53,"column":11},"end":{"line":55,"column":5}}],"line":51},"2":{"loc":{"start":{"line":76,"column":4},"end":{"line":80,"column":5}},"type":"if","locations":[{"start":{"line":76,"column":4},"end":{"line":80,"column":5}},{"start":{"line":78,"column":11},"end":{"line":80,"column":5}}],"line":76},"3":{"loc":{"start":{"line":94,"column":4},"end":{"line":98,"column":5}},"type":"if","locations":[{"start":{"line":94,"column":4},"end":{"line":98,"column":5}},{"start":{"line":96,"column":11},"end":{"line":98,"column":5}}],"line":94}},"s":{"0":1,"1":1,"2":1,"3":1,"4":1,"5":1,"6":1,"7":1,"8":0,"9":0,"10":1,"11":2,"12":2,"13":2,"14":2,"15":2,"16":1,"17":1,"18":1,"19":0,"20":0,"21":1,"22":0,"23":0,"24":0,"25":0,"26":0,"27":0,"28":0,"29":0,"30":1,"31":0,"32":0,"33":0,"34":0,"35":0,"36":0,"37":0,"38":0,"39":0,"40":1,"41":0,"42":0,"43":0,"44":0,"45":0,"46":0,"47":0,"48":0,"49":1},"f":{"0":1,"1":2,"2":0,"3":0,"4":0},"b":{"0":[1,1],"1":[0,0],"2":[0,0],"3":[0,0]},"_coverageSchema":"1a1c01bbd47fc00a2c39e90264f33305004495a9","hash":"116c20e89334d7f3b05bfaffa2073f92f0b12bcb"}
,"D:\\WEB DEVELOPMENT\\4 CSE 341 WEB SERVICES\\cse341-learning-academy\\controllers\\studentController.js": {"path":"D:\\WEB DEVELOPMENT\\4 CSE 341 WEB SERVICES\\cse341-learning-academy\\controllers\\studentController.js","statementMap":{"0":{"start":{"line":1,"column":16},"end":{"line":1,"column":43}},"1":{"start":{"line":3,"column":17},"end":{"line":3,"column":44}},"2":{"start":{"line":6,"column":23},"end":{"line":18,"column":1}},"3":{"start":{"line":8,"column":2},"end":{"line":17,"column":3}},"4":{"start":{"line":9,"column":19},"end":{"line":9,"column":75}},"5":{"start":{"line":10,"column":21},"end":{"line":10,"column":43}},"6":{"start":{"line":12,"column":4},"end":{"line":12,"column":54}},"7":{"start":{"line":13,"column":4},"end":{"line":13,"column":35}},"8":{"start":{"line":15,"column":4},"end":{"line":15,"column":56}},"9":{"start":{"line":16,"column":4},"end":{"line":16,"column":89}},"10":{"start":{"line":21,"column":23},"end":{"line":43,"column":1}},"11":{"start":{"line":23,"column":2},"end":{"line":42,"column":3}},"12":{"start":{"line":24,"column":23},"end":{"line":24,"column":50}},"13":{"start":{"line":25,"column":19},"end":{"line":29,"column":34}},"14":{"start":{"line":31,"column":20},"end":{"line":31,"column":42}},"15":{"start":{"line":33,"column":4},"end":{"line":35,"column":5}},"16":{"start":{"line":34,"column":6},"end":{"line":34,"column":68}},"17":{"start":{"line":37,"column":4},"end":{"line":37,"column":54}},"18":{"start":{"line":38,"column":4},"end":{"line":38,"column":37}},"19":{"start":{"line":40,"column":4},"end":{"line":40,"column":54}},"20":{"start":{"line":41,"column":4},"end":{"line":41,"column":88}},"21":{"start":{"line":46,"column":22},"end":{"line":73,"column":1}},"22":{"start":{"line":48,"column":2},"end":{"line":72,"column":3}},"23":{"start":{"line":49,"column":23},"end":{"line":57,"column":5}},"24":{"start":{"line":58,"column":19},"end":{"line":62,"column":28}},"25":{"start":{"line":64,"column":4},"end":{"line":68,"column":5}},"26":{"start":{"line":65,"column":6},"end":{"line":65,"column":102}},"27":{"start":{"line":67,"column":6},"end":{"line":67,"column":68}},"28":{"start":{"line":70,"column":4},"end":{"line":70,"column":52}},"29":{"start":{"line":71,"column":4},"end":{"line":71,"column":86}},"30":{"start":{"line":76,"column":22},"end":{"line":104,"column":1}},"31":{"start":{"line":78,"column":2},"end":{"line":103,"column":3}},"32":{"start":{"line":79,"column":22},"end":{"line":79,"column":49}},"33":{"start":{"line":80,"column":20},"end":{"line":88,"column":5}},"34":{"start":{"line":89,"column":19},"end":{"line":93,"column":46}},"35":{"start":{"line":95,"column":4},"end":{"line":99,"column":5}},"36":{"start":{"line":96,"column":6},"end":{"line":96,"column":72}},"37":{"start":{"line":98,"column":6},"end":{"line":98,"column":80}},"38":{"start":{"line":101,"column":4},"end":{"line":101,"column":52}},"39":{"start":{"line":102,"column":4},"end":{"line":102,"column":86}},"40":{"start":{"line":107,"column":22},"end":{"line":126,"column":1}},"41":{"start":{"line":109,"column":4},"end":{"line":125,"column":5}},"42":{"start":{"line":110,"column":26},"end":{"line":110,"column":53}},"43":{"start":{"line":111,"column":23},"end":{"line":115,"column":38}},"44":{"start":{"line":117,"column":8},"end":{"line":121,"column":9}},"45":{"start":{"line":118,"column":12},"end":{"line":118,"column":78}},"46":{"start":{"line":120,"column":12},"end":{"line":120,"column":67}},"47":{"start":{"line":123,"column":8},"end":{"line":123,"column":56}},"48":{"start":{"line":124,"column":8},"end":{"line":124,"column":90}},"49":{"start":{"line":128,"column":0},"end":{"line":134,"column":2}}},"fnMap":{"0":{"name":"(anonymous_0)","decl":{"start":{"line":6,"column":23},"end":{"line":6,"column":24}},"loc":{"start":{"line":6,"column":43},"end":{"line":18,"column":1}},"line":6},"1":{"name":"(anonymous_1)","decl":{"start":{"line":21,"column":23},"end":{"line":21,"column":24}},"loc":{"start":{"line":21,"column":43},"end":{"line":43,"column":1}},"line":21},"2":{"name":"(anonymous_2)","decl":{"start":{"line":46,"column":22},"end":{"line":46,"column":23}},"loc":{"start":{"line":46,"column":42},"end":{"line":73,"column":1}},"line":46},"3":{"name":"(anonymous_3)","decl":{"start":{"line":76,"column":22},"end":{"line":76,"column":23}},"loc":{"start":{"line":76,"column":42},"end":{"line":104,"column":1}},"line":76},"4":{"name":"(anonymous_4)","decl":{"start":{"line":107,"column":22},"end":{"line":107,"column":23}},"loc":{"start":{"line":107,"column":42},"end":{"line":126,"column":1}},"line":107}},"branchMap":{"0":{"loc":{"start":{"line":33,"column":4},"end":{"line":35,"column":5}},"type":"if","locations":[{"start":{"line":33,"column":4},"end":{"line":35,"column":5}},{"start":{},"end":{}}],"line":33},"1":{"loc":{"start":{"line":64,"column":4},"end":{"line":68,"column":5}},"type":"if","locations":[{"start":{"line":64,"column":4},"end":{"line":68,"column":5}},{"start":{"line":66,"column":11},"end":{"line":68,"column":5}}],"line":64},"2":{"loc":{"start":{"line":95,"column":4},"end":{"line":99,"column":5}},"type":"if","locations":[{"start":{"line":95,"column":4},"end":{"line":99,"column":5}},{"start":{"line":97,"column":11},"end":{"line":99,"column":5}}],"line":95},"3":{"loc":{"start":{"line":117,"column":8},"end":{"line":121,"column":9}},"type":"if","locations":[{"start":{"line":117,"column":8},"end":{"line":121,"column":9}},{"start":{"line":119,"column":15},"end":{"line":121,"column":9}}],"line":117}},"s":{"0":1,"1":1,"2":1,"3":1,"4":1,"5":1,"6":1,"7":1,"8":0,"9":0,"10":1,"11":2,"12":2,"13":2,"14":2,"15":2,"16":1,"17":1,"18":1,"19":0,"20":0,"21":1,"22":0,"23":0,"24":0,"25":0,"26":0,"27":0,"28":0,"29":0,"30":1,"31":0,"32":0,"33":0,"34":0,"35":0,"36":0,"37":0,"38":0,"39":0,"40":1,"41":0,"42":0,"43":0,"44":0,"45":0,"46":0,"47":0,"48":0,"49":1},"f":{"0":1,"1":2,"2":0,"3":0,"4":0},"b":{"0":[1,1],"1":[0,0],"2":[0,0],"3":[0,0]},"_coverageSchema":"1a1c01bbd47fc00a2c39e90264f33305004495a9","hash":"9f9b7f6df00b71c95e411eb0c6d295dfa4e97123"}
,"D:\\WEB DEVELOPMENT\\4 CSE 341 WEB SERVICES\\cse341-learning-academy\\data\\database.js": {"path":"D:\\WEB DEVELOPMENT\\4 CSE 341 WEB SERVICES\\cse341-learning-academy\\data\\database.js","statementMap":{"0":{"start":{"line":1,"column":15},"end":{"line":1,"column":32}},"1":{"start":{"line":2,"column":0},"end":{"line":2,"column":16}},"2":{"start":{"line":4,"column":20},"end":{"line":4,"column":50}},"3":{"start":{"line":8,"column":15},"end":{"line":23,"column":1}},"4":{"start":{"line":9,"column":2},"end":{"line":12,"column":3}},"5":{"start":{"line":10,"column":4},"end":{"line":10,"column":48}},"6":{"start":{"line":11,"column":4},"end":{"line":11,"column":36}},"7":{"start":{"line":13,"column":2},"end":{"line":22,"column":7}},"8":{"start":{"line":16,"column":6},"end":{"line":16,"column":40}},"9":{"start":{"line":17,"column":6},"end":{"line":17,"column":24}},"10":{"start":{"line":18,"column":6},"end":{"line":18,"column":31}},"11":{"start":{"line":21,"column":6},"end":{"line":21,"column":20}},"12":{"start":{"line":25,"column":14},"end":{"line":30,"column":1}},"13":{"start":{"line":26,"column":2},"end":{"line":28,"column":3}},"14":{"start":{"line":27,"column":4},"end":{"line":27,"column":48}},"15":{"start":{"line":29,"column":2},"end":{"line":29,"column":18}},"16":{"start":{"line":32,"column":0},"end":{"line":35,"column":2}}},"fnMap":{"0":{"name":"(anonymous_0)","decl":{"start":{"line":8,"column":15},"end":{"line":8,"column":16}},"loc":{"start":{"line":8,"column":29},"end":{"line":23,"column":1}},"line":8},"1":{"name":"(anonymous_1)","decl":{"start":{"line":15,"column":10},"end":{"line":15,"column":11}},"loc":{"start":{"line":15,"column":22},"end":{"line":19,"column":5}},"line":15},"2":{"name":"(anonymous_2)","decl":{"start":{"line":20,"column":11},"end":{"line":20,"column":12}},"loc":{"start":{"line":20,"column":20},"end":{"line":22,"column":5}},"line":20},"3":{"name":"(anonymous_3)","decl":{"start":{"line":25,"column":14},"end":{"line":25,"column":15}},"loc":{"start":{"line":25,"column":20},"end":{"line":30,"column":1}},"line":25}},"branchMap":{"0":{"loc":{"start":{"line":9,"column":2},"end":{"line":12,"column":3}},"type":"if","locations":[{"start":{"line":9,"column":2},"end":{"line":12,"column":3}},{"start":{},"end":{}}],"line":9},"1":{"loc":{"start":{"line":26,"column":2},"end":{"line":28,"column":3}},"type":"if","locations":[{"start":{"line":26,"column":2},"end":{"line":28,"column":3}},{"start":{},"end":{}}],"line":26}},"s":{"0":3,"1":3,"2":3,"3":3,"4":0,"5":0,"6":0,"7":0,"8":0,"9":0,"10":0,"11":0,"12":3,"13":0,"14":0,"15":0,"16":3},"f":{"0":0,"1":0,"2":0,"3":0},"b":{"0":[0,0],"1":[0,0]},"_coverageSchema":"1a1c01bbd47fc00a2c39e90264f33305004495a9","hash":"a9e0b567a24d798f99f9fd69ca3faf7a11e45625"}
}
